上线准备未完成功能
电视剧视频剧集更新接口（除sina） --完成
电影更新接口（除sina） --完成
归并电影，豆瓣api接口用豆瓣搜索接口替换 --完成
相关剧集展示 --完成
显示剧集图片 --完成
#####
webroot和runpath分开  --完成
#####
豆瓣spider 抓取一定时间会让输入验证码  --人为控制
土豆 电影测试(豆瓣地区trim) --完成
土豆 电视剧测试（epsign allep nowep 没同步到vgroup） 分类有问题 --完成
土豆 动漫测试  --完成
#####
youku电影 付费问题
电视剧   --完成
动漫	  --完成
#####
letv 502问题 付费问题会有中间页，so不会抓取到，有个别页面抓取超时，有必要增加timeout.
letv score 都为8.5 score会有问题
letv 电视剧抓取无响应
letv 动漫抓取无响应
#####
sohu电影 --完成
sohu电视剧 --完成
#####
qq电影没抓取到评分
qq电视剧没抓到评分
#####
pptv 电影有不是电影页面的问题  --完成
pptv 电视剧匹配channle_id  --完成
pptv 动漫匹配channle_id   --完成